{"level":"info","message":"🚀 Iniciando BetForge API...","timestamp":"2026-06-12T10:10:47.068Z"}
{"level":"info","message":"✅ Banco de dados conectado com sucesso","timestamp":"2026-06-12T10:10:47.109Z"}
{"level":"info","message":"✅ Redis conectado com sucesso","timestamp":"2026-06-12T10:10:47.110Z"}
{"level":"info","message":"[Settlement] scheduler iniciado — intervalo: 300s","timestamp":"2026-06-12T10:10:47.116Z"}
{"level":"info","message":"✅ Servidor rodando em http://localhost:3333","timestamp":"2026-06-12T10:10:47.118Z"}
{"level":"info","message":"📡 API disponível em http://localhost:3333/api/v1","timestamp":"2026-06-12T10:10:47.118Z"}
{"level":"info","message":"🌎 Ambiente: development","timestamp":"2026-06-12T10:10:47.118Z"}
{"code":"42883","file":"parse_oper.c","hint":"No operator matches the given name and argument types. You might need to add explicit type casts.","length":209,"level":"error","line":"647","message":"[Settlement] erro na passagem inicial: select \"id\", \"home_score\", \"away_score\" from \"matches\" where \"id\" in (select \"match_id\" from \"bet_selections\" where \"bet_id\" in (select \"id\" from \"bets\" where \"status\" = $1)) and \"status\" = $2 - operator does not exist: uuid = character varying","name":"error","position":"67","routine":"op_error","severity":"ERROR","stack":"error: select \"id\", \"home_score\", \"away_score\" from \"matches\" where \"id\" in (select \"match_id\" from \"bet_selections\" where \"bet_id\" in (select \"id\" from \"bets\" where \"status\" = $1)) and \"status\" = $2 - operator does not exist: uuid = character varying\n    at parseErrorMessage (/Users/alexandrejunior/github/betforge/betforge-back-fixed/node_modules/pg-protocol/dist/parser.js:305:11)\n    at Parser.handlePacket (/Users/alexandrejunior/github/betforge/betforge-back-fixed/node_modules/pg-protocol/dist/parser.js:143:27)\n    at Parser.parse (/Users/alexandrejunior/github/betforge/betforge-back-fixed/node_modules/pg-protocol/dist/parser.js:37:38)\n    at Socket.<anonymous> (/Users/alexandrejunior/github/betforge/betforge-back-fixed/node_modules/pg-protocol/dist/index.js:11:42)\n    at Socket.emit (node:events:524:28)\n    at addChunk (node:internal/streams/readable:561:12)\n    at readableAddChunkPushByteMode (node:internal/streams/readable:512:3)\n    at Readable.push (node:internal/streams/readable:392:5)\n    at TCP.onStreamRead (node:internal/stream_base_commons:191:23)","timestamp":"2026-06-12T10:10:47.122Z"}
{"level":"info","message":"⚡ Recebido SIGINT. Encerrando graciosamente...","timestamp":"2026-06-12T10:10:55.149Z"}
{"level":"info","message":"🚀 Iniciando BetForge API...","timestamp":"2026-06-12T10:12:09.717Z"}
{"level":"info","message":"✅ Banco de dados conectado com sucesso","timestamp":"2026-06-12T10:12:09.751Z"}
{"level":"info","message":"✅ Redis conectado com sucesso","timestamp":"2026-06-12T10:12:09.752Z"}
{"level":"info","message":"[Settlement] scheduler iniciado — intervalo: 300s","timestamp":"2026-06-12T10:12:09.759Z"}
{"level":"info","message":"✅ Servidor rodando em http://localhost:3333","timestamp":"2026-06-12T10:12:09.761Z"}
{"level":"info","message":"📡 API disponível em http://localhost:3333/api/v1","timestamp":"2026-06-12T10:12:09.761Z"}
{"level":"info","message":"🌎 Ambiente: development","timestamp":"2026-06-12T10:12:09.761Z"}
{"code":"42883","file":"parse_oper.c","hint":"No operator matches the given name and argument types. You might need to add explicit type casts.","length":209,"level":"error","line":"647","message":"[Settlement] erro na passagem inicial: select \"id\", \"home_score\", \"away_score\" from \"matches\" where \"id\" in (select \"match_id\" from \"bet_selections\" where \"bet_id\" in (select \"id\" from \"bets\" where \"status\" = $1)) and \"status\" = $2 - operator does not exist: uuid = character varying","name":"error","position":"67","routine":"op_error","severity":"ERROR","stack":"error: select \"id\", \"home_score\", \"away_score\" from \"matches\" where \"id\" in (select \"match_id\" from \"bet_selections\" where \"bet_id\" in (select \"id\" from \"bets\" where \"status\" = $1)) and \"status\" = $2 - operator does not exist: uuid = character varying\n    at parseErrorMessage (/Users/alexandrejunior/github/betforge/betforge-back-fixed/node_modules/pg-protocol/dist/parser.js:305:11)\n    at Parser.handlePacket (/Users/alexandrejunior/github/betforge/betforge-back-fixed/node_modules/pg-protocol/dist/parser.js:143:27)\n    at Parser.parse (/Users/alexandrejunior/github/betforge/betforge-back-fixed/node_modules/pg-protocol/dist/parser.js:37:38)\n    at Socket.<anonymous> (/Users/alexandrejunior/github/betforge/betforge-back-fixed/node_modules/pg-protocol/dist/index.js:11:42)\n    at Socket.emit (node:events:524:28)\n    at addChunk (node:internal/streams/readable:561:12)\n    at readableAddChunkPushByteMode (node:internal/streams/readable:512:3)\n    at Readable.push (node:internal/streams/readable:392:5)\n    at TCP.onStreamRead (node:internal/stream_base_commons:191:23)","timestamp":"2026-06-12T10:12:09.766Z"}
{"level":"info","message":"🚀 Iniciando BetForge API...","timestamp":"2026-06-12T10:14:50.291Z"}
{"level":"info","message":"✅ Banco de dados conectado com sucesso","timestamp":"2026-06-12T10:14:50.346Z"}
{"level":"info","message":"✅ Redis conectado com sucesso","timestamp":"2026-06-12T10:14:50.349Z"}
{"level":"info","message":"[Settlement] scheduler iniciado — intervalo: 300s","timestamp":"2026-06-12T10:14:50.362Z"}
{"level":"info","message":"✅ Servidor rodando em http://localhost:3333","timestamp":"2026-06-12T10:14:50.364Z"}
{"level":"info","message":"📡 API disponível em http://localhost:3333/api/v1","timestamp":"2026-06-12T10:14:50.364Z"}
{"level":"info","message":"🌎 Ambiente: development","timestamp":"2026-06-12T10:14:50.365Z"}
{"level":"debug","message":"[Settlement] nenhuma partida finalizada com apostas pendentes","timestamp":"2026-06-12T10:14:50.372Z"}
{"level":"info","message":"🚀 Iniciando BetForge API...","timestamp":"2026-06-12T10:15:01.858Z"}
{"level":"info","message":"✅ Banco de dados conectado com sucesso","timestamp":"2026-06-12T10:15:01.886Z"}
{"level":"info","message":"✅ Redis conectado com sucesso","timestamp":"2026-06-12T10:15:01.887Z"}
{"level":"info","message":"[Settlement] scheduler iniciado — intervalo: 300s","timestamp":"2026-06-12T10:15:01.893Z"}
{"level":"info","message":"✅ Servidor rodando em http://localhost:3333","timestamp":"2026-06-12T10:15:01.895Z"}
{"level":"info","message":"📡 API disponível em http://localhost:3333/api/v1","timestamp":"2026-06-12T10:15:01.895Z"}
{"level":"info","message":"🌎 Ambiente: development","timestamp":"2026-06-12T10:15:01.895Z"}
{"level":"debug","message":"[Settlement] nenhuma partida finalizada com apostas pendentes","timestamp":"2026-06-12T10:15:01.919Z"}
{"level":"info","message":"🚀 Iniciando BetForge API...","timestamp":"2026-06-12T10:15:10.335Z"}
{"level":"info","message":"✅ Banco de dados conectado com sucesso","timestamp":"2026-06-12T10:15:10.372Z"}
{"level":"info","message":"✅ Redis conectado com sucesso","timestamp":"2026-06-12T10:15:10.373Z"}
{"level":"info","message":"[Settlement] scheduler iniciado — intervalo: 300s","timestamp":"2026-06-12T10:15:10.378Z"}
{"level":"info","message":"✅ Servidor rodando em http://localhost:3333","timestamp":"2026-06-12T10:15:10.380Z"}
{"level":"info","message":"📡 API disponível em http://localhost:3333/api/v1","timestamp":"2026-06-12T10:15:10.380Z"}
{"level":"info","message":"🌎 Ambiente: development","timestamp":"2026-06-12T10:15:10.380Z"}
{"level":"debug","message":"[Settlement] nenhuma partida finalizada com apostas pendentes","timestamp":"2026-06-12T10:15:10.386Z"}
{"level":"info","message":"⚡ Recebido SIGINT. Encerrando graciosamente...","timestamp":"2026-06-12T10:15:25.426Z"}
{"level":"info","message":"🚀 Iniciando BetForge API...","timestamp":"2026-06-12T10:40:26.700Z"}
{"level":"info","message":"✅ Banco de dados conectado com sucesso","timestamp":"2026-06-12T10:40:26.732Z"}
{"level":"info","message":"✅ Redis conectado com sucesso","timestamp":"2026-06-12T10:40:26.735Z"}
{"level":"info","message":"[Settlement] scheduler iniciado — intervalo: 300s","timestamp":"2026-06-12T10:40:26.747Z"}
{"level":"info","message":"✅ Servidor rodando em http://localhost:3333","timestamp":"2026-06-12T10:40:26.749Z"}
{"level":"info","message":"📡 API disponível em http://localhost:3333/api/v1","timestamp":"2026-06-12T10:40:26.749Z"}
{"level":"info","message":"🌎 Ambiente: development","timestamp":"2026-06-12T10:40:26.749Z"}
{"level":"debug","message":"[Settlement] nenhuma partida finalizada com apostas pendentes","timestamp":"2026-06-12T10:40:26.754Z"}
{"level":"info","message":"⚡ Recebido SIGINT. Encerrando graciosamente...","timestamp":"2026-06-12T10:40:28.282Z"}
{"level":"info","message":"🚀 Iniciando BetForge API...","timestamp":"2026-06-12T11:52:59.594Z"}
{"level":"info","message":"✅ Banco de dados conectado com sucesso","timestamp":"2026-06-12T11:52:59.653Z"}
{"level":"info","message":"✅ Redis conectado com sucesso","timestamp":"2026-06-12T11:52:59.655Z"}
{"level":"info","message":"[Settlement] scheduler iniciado — intervalo: 300s","timestamp":"2026-06-12T11:52:59.661Z"}
{"level":"info","message":"✅ Servidor rodando em http://localhost:3333","timestamp":"2026-06-12T11:52:59.663Z"}
{"level":"info","message":"📡 API disponível em http://localhost:3333/api/v1","timestamp":"2026-06-12T11:52:59.663Z"}
{"level":"info","message":"🌎 Ambiente: development","timestamp":"2026-06-12T11:52:59.663Z"}
{"level":"debug","message":"[Settlement] nenhuma partida finalizada com apostas pendentes","timestamp":"2026-06-12T11:52:59.669Z"}
{"level":"http","message":"::1 - - [12/Jun/2026:11:53:27 +0000] \"POST /api/v1/auth/login HTTP/1.1\" 200 1118 \"http://localhost:5173/\" \"Mozilla/5.0 (Macintosh; Intel Mac OS X 10_15_7) AppleWebKit/537.36 (KHTML, like Gecko) Chrome/149.0.0.0 Safari/537.36\"","timestamp":"2026-06-12T11:53:27.631Z"}
{"level":"debug","message":"[OddsSync] sync já em andamento, aguardando...","timestamp":"2026-06-12T11:53:27.789Z"}
{"level":"http","message":"::1 - - [12/Jun/2026:11:53:27 +0000] \"GET /api/v1/notifications/unread-count HTTP/1.1\" 304 - \"http://localhost:5173/\" \"Mozilla/5.0 (Macintosh; Intel Mac OS X 10_15_7) AppleWebKit/537.36 (KHTML, like Gecko) Chrome/149.0.0.0 Safari/537.36\"","timestamp":"2026-06-12T11:53:27.790Z"}
{"body":{},"level":"error","message":"Unexpected error select sum(\"amount\") as \"total\" from \"transactions\" where \"user_id\" = $1 and \"type\" = $2 and \"status\" = $3 and \"withdraw_available_at\" <= $4 - column \"withdraw_available_at\" does not exist","method":"GET","path":"/api/v1/financial/balance","stack":"error: select sum(\"amount\") as \"total\" from \"transactions\" where \"user_id\" = $1 and \"type\" = $2 and \"status\" = $3 and \"withdraw_available_at\" <= $4 - column \"withdraw_available_at\" does not exist\n    at parseErrorMessage (/Users/alexandrejunior/github/betforge/betforge-back/node_modules/pg-protocol/dist/parser.js:305:11)\n    at Parser.handlePacket (/Users/alexandrejunior/github/betforge/betforge-back/node_modules/pg-protocol/dist/parser.js:143:27)\n    at Parser.parse (/Users/alexandrejunior/github/betforge/betforge-back/node_modules/pg-protocol/dist/parser.js:37:38)\n    at Socket.<anonymous> (/Users/alexandrejunior/github/betforge/betforge-back/node_modules/pg-protocol/dist/index.js:11:42)\n    at Socket.emit (node:events:524:28)\n    at addChunk (node:internal/streams/readable:561:12)\n    at readableAddChunkPushByteMode (node:internal/streams/readable:512:3)\n    at Readable.push (node:internal/streams/readable:392:5)\n    at TCP.onStreamRead (node:internal/stream_base_commons:191:23)","timestamp":"2026-06-12T11:53:27.795Z"}
{"level":"http","message":"::1 - - [12/Jun/2026:11:53:27 +0000] \"GET /api/v1/financial/balance HTTP/1.1\" 500 1117 \"http://localhost:5173/\" \"Mozilla/5.0 (Macintosh; Intel Mac OS X 10_15_7) AppleWebKit/537.36 (KHTML, like Gecko) Chrome/149.0.0.0 Safari/537.36\"","timestamp":"2026-06-12T11:53:27.795Z"}
{"level":"debug","message":"[OddsAPI] créditos restantes: 90 (usados: 410)","timestamp":"2026-06-12T11:53:28.460Z"}
{"level":"debug","message":"[OddsAPI] créditos restantes: 90 (usados: 410)","timestamp":"2026-06-12T11:53:28.468Z"}
{"level":"info","message":"[OddsSync] soccer_brazil_campeonato: 0 jogos sincronizados","timestamp":"2026-06-12T11:53:28.468Z"}
{"body":{},"level":"error","message":"Unexpected error select sum(\"amount\") as \"total\" from \"transactions\" where \"user_id\" = $1 and \"type\" = $2 and \"status\" = $3 and \"withdraw_available_at\" <= $4 - column \"withdraw_available_at\" does not exist","method":"GET","path":"/api/v1/financial/balance","stack":"error: select sum(\"amount\") as \"total\" from \"transactions\" where \"user_id\" = $1 and \"type\" = $2 and \"status\" = $3 and \"withdraw_available_at\" <= $4 - column \"withdraw_available_at\" does not exist\n    at parseErrorMessage (/Users/alexandrejunior/github/betforge/betforge-back/node_modules/pg-protocol/dist/parser.js:305:11)\n    at Parser.handlePacket (/Users/alexandrejunior/github/betforge/betforge-back/node_modules/pg-protocol/dist/parser.js:143:27)\n    at Parser.parse (/Users/alexandrejunior/github/betforge/betforge-back/node_modules/pg-protocol/dist/parser.js:37:38)\n    at Socket.<anonymous> (/Users/alexandrejunior/github/betforge/betforge-back/node_modules/pg-protocol/dist/index.js:11:42)\n    at Socket.emit (node:events:524:28)\n    at addChunk (node:internal/streams/readable:561:12)\n    at readableAddChunkPushByteMode (node:internal/streams/readable:512:3)\n    at Readable.push (node:internal/streams/readable:392:5)\n    at TCP.onStreamRead (node:internal/stream_base_commons:191:23)","timestamp":"2026-06-12T11:53:28.817Z"}
{"level":"http","message":"::1 - - [12/Jun/2026:11:53:28 +0000] \"GET /api/v1/financial/balance HTTP/1.1\" 500 1117 \"http://localhost:5173/\" \"Mozilla/5.0 (Macintosh; Intel Mac OS X 10_15_7) AppleWebKit/537.36 (KHTML, like Gecko) Chrome/149.0.0.0 Safari/537.36\"","timestamp":"2026-06-12T11:53:28.818Z"}
{"level":"debug","message":"[OddsAPI] créditos restantes: 90 (usados: 410)","timestamp":"2026-06-12T11:53:28.859Z"}
{"level":"debug","message":"[OddsAPI] créditos restantes: 90 (usados: 410)","timestamp":"2026-06-12T11:53:28.903Z"}
{"level":"info","message":"[OddsSync] soccer_uefa_champs_league: 0 jogos sincronizados","timestamp":"2026-06-12T11:53:28.905Z"}
{"level":"debug","message":"[OddsAPI] créditos restantes: 90 (usados: 410)","timestamp":"2026-06-12T11:53:29.070Z"}
{"level":"debug","message":"[OddsAPI] créditos restantes: 90 (usados: 410)","timestamp":"2026-06-12T11:53:29.302Z"}
{"level":"info","message":"[OddsSync] soccer_epl: 0 jogos sincronizados","timestamp":"2026-06-12T11:53:29.303Z"}
{"level":"debug","message":"[OddsAPI] créditos restantes: 90 (usados: 410)","timestamp":"2026-06-12T11:53:29.683Z"}
{"level":"debug","message":"[OddsAPI] créditos restantes: 90 (usados: 410)","timestamp":"2026-06-12T11:53:29.694Z"}
{"level":"info","message":"[OddsSync] soccer_spain_la_liga: 0 jogos sincronizados","timestamp":"2026-06-12T11:53:29.695Z"}
{"level":"debug","message":"[OddsAPI] créditos restantes: 90 (usados: 410)","timestamp":"2026-06-12T11:53:30.073Z"}
{"level":"debug","message":"[OddsAPI] créditos restantes: 90 (usados: 410)","timestamp":"2026-06-12T11:53:30.095Z"}
{"level":"info","message":"[OddsSync] soccer_italy_serie_a: 0 jogos sincronizados","timestamp":"2026-06-12T11:53:30.095Z"}
{"level":"debug","message":"[OddsAPI] créditos restantes: 90 (usados: 410)","timestamp":"2026-06-12T11:53:30.466Z"}
{"level":"debug","message":"[OddsAPI] créditos restantes: 90 (usados: 410)","timestamp":"2026-06-12T11:53:30.483Z"}
{"level":"info","message":"[OddsSync] soccer_germany_bundesliga: 0 jogos sincronizados","timestamp":"2026-06-12T11:53:30.484Z"}
{"level":"debug","message":"[OddsAPI] créditos restantes: 88 (usados: 412)","timestamp":"2026-06-12T11:53:30.647Z"}
{"body":{},"level":"error","message":"Unexpected error select sum(\"amount\") as \"total\" from \"transactions\" where \"user_id\" = $1 and \"type\" = $2 and \"status\" = $3 and \"withdraw_available_at\" <= $4 - column \"withdraw_available_at\" does not exist","method":"GET","path":"/api/v1/financial/balance","stack":"error: select sum(\"amount\") as \"total\" from \"transactions\" where \"user_id\" = $1 and \"type\" = $2 and \"status\" = $3 and \"withdraw_available_at\" <= $4 - column \"withdraw_available_at\" does not exist\n    at parseErrorMessage (/Users/alexandrejunior/github/betforge/betforge-back/node_modules/pg-protocol/dist/parser.js:305:11)\n    at Parser.handlePacket (/Users/alexandrejunior/github/betforge/betforge-back/node_modules/pg-protocol/dist/parser.js:143:27)\n    at Parser.parse (/Users/alexandrejunior/github/betforge/betforge-back/node_modules/pg-protocol/dist/parser.js:37:38)\n    at Socket.<anonymous> (/Users/alexandrejunior/github/betforge/betforge-back/node_modules/pg-protocol/dist/index.js:11:42)\n    at Socket.emit (node:events:524:28)\n    at addChunk (node:internal/streams/readable:561:12)\n    at readableAddChunkPushByteMode (node:internal/streams/readable:512:3)\n    at Readable.push (node:internal/streams/readable:392:5)\n    at TCP.onStreamRead (node:internal/stream_base_commons:191:23)","timestamp":"2026-06-12T11:53:30.834Z"}
{"level":"http","message":"::1 - - [12/Jun/2026:11:53:30 +0000] \"GET /api/v1/financial/balance HTTP/1.1\" 500 1117 \"http://localhost:5173/\" \"Mozilla/5.0 (Macintosh; Intel Mac OS X 10_15_7) AppleWebKit/537.36 (KHTML, like Gecko) Chrome/149.0.0.0 Safari/537.36\"","timestamp":"2026-06-12T11:53:30.835Z"}
{"level":"debug","message":"[OddsAPI] créditos restantes: 86 (usados: 414)","timestamp":"2026-06-12T11:53:30.892Z"}
{"level":"info","message":"[OddsSync] soccer_conmebol_copa_libertadores: 9 jogos sincronizados","timestamp":"2026-06-12T11:53:31.240Z"}
{"level":"debug","message":"[OddsAPI] créditos restantes: 84 (usados: 416)","timestamp":"2026-06-12T11:53:31.624Z"}
{"level":"debug","message":"[OddsAPI] créditos restantes: 82 (usados: 418)","timestamp":"2026-06-12T11:53:31.640Z"}
{"level":"info","message":"[OddsSync] basketball_nba: 1 jogos sincronizados","timestamp":"2026-06-12T11:53:31.662Z"}
{"level":"info","message":"[OddsSync] sync concluído em 3926ms — 10 eventos","timestamp":"2026-06-12T11:53:31.663Z"}
{"level":"http","message":"::1 - - [12/Jun/2026:11:53:31 +0000] \"GET /api/v1/games?status=scheduled&limit=6 HTTP/1.1\" 304 - \"http://localhost:5173/\" \"Mozilla/5.0 (Macintosh; Intel Mac OS X 10_15_7) AppleWebKit/537.36 (KHTML, like Gecko) Chrome/149.0.0.0 Safari/537.36\"","timestamp":"2026-06-12T11:53:31.746Z"}
{"level":"http","message":"::1 - - [12/Jun/2026:11:53:31 +0000] \"GET /api/v1/games/live HTTP/1.1\" 304 - \"http://localhost:5173/\" \"Mozilla/5.0 (Macintosh; Intel Mac OS X 10_15_7) AppleWebKit/537.36 (KHTML, like Gecko) Chrome/149.0.0.0 Safari/537.36\"","timestamp":"2026-06-12T11:53:31.833Z"}
{"level":"debug","message":"[OddsSync] cache válido, pulando sync","timestamp":"2026-06-12T11:53:51.850Z"}
{"level":"http","message":"::1 - - [12/Jun/2026:11:53:51 +0000] \"GET /api/v1/games/live HTTP/1.1\" 304 - \"http://localhost:5173/\" \"Mozilla/5.0 (Macintosh; Intel Mac OS X 10_15_7) AppleWebKit/537.36 (KHTML, like Gecko) Chrome/149.0.0.0 Safari/537.36\"","timestamp":"2026-06-12T11:53:51.856Z"}
{"level":"info","message":"⚡ Recebido SIGINT. Encerrando graciosamente...","timestamp":"2026-06-12T11:54:46.812Z"}
