{"level":"info","message":"🚀 Iniciando BetForge API...","timestamp":"2026-06-12T10:10:47.068Z"}
{"level":"info","message":"✅ Banco de dados conectado com sucesso","timestamp":"2026-06-12T10:10:47.109Z"}
{"level":"info","message":"✅ Redis conectado com sucesso","timestamp":"2026-06-12T10:10:47.110Z"}
{"level":"info","message":"[Settlement] scheduler iniciado — intervalo: 300s","timestamp":"2026-06-12T10:10:47.116Z"}
{"level":"info","message":"✅ Servidor rodando em http://localhost:3333","timestamp":"2026-06-12T10:10:47.118Z"}
{"level":"info","message":"📡 API disponível em http://localhost:3333/api/v1","timestamp":"2026-06-12T10:10:47.118Z"}
{"level":"info","message":"🌎 Ambiente: development","timestamp":"2026-06-12T10:10:47.118Z"}
{"code":"42883","file":"parse_oper.c","hint":"No operator matches the given name and argument types. You might need to add explicit type casts.","length":209,"level":"error","line":"647","message":"[Settlement] erro na passagem inicial: select \"id\", \"home_score\", \"away_score\" from \"matches\" where \"id\" in (select \"match_id\" from \"bet_selections\" where \"bet_id\" in (select \"id\" from \"bets\" where \"status\" = $1)) and \"status\" = $2 - operator does not exist: uuid = character varying","name":"error","position":"67","routine":"op_error","severity":"ERROR","stack":"error: select \"id\", \"home_score\", \"away_score\" from \"matches\" where \"id\" in (select \"match_id\" from \"bet_selections\" where \"bet_id\" in (select \"id\" from \"bets\" where \"status\" = $1)) and \"status\" = $2 - operator does not exist: uuid = character varying\n    at parseErrorMessage (/Users/alexandrejunior/github/betforge/betforge-back-fixed/node_modules/pg-protocol/dist/parser.js:305:11)\n    at Parser.handlePacket (/Users/alexandrejunior/github/betforge/betforge-back-fixed/node_modules/pg-protocol/dist/parser.js:143:27)\n    at Parser.parse (/Users/alexandrejunior/github/betforge/betforge-back-fixed/node_modules/pg-protocol/dist/parser.js:37:38)\n    at Socket.<anonymous> (/Users/alexandrejunior/github/betforge/betforge-back-fixed/node_modules/pg-protocol/dist/index.js:11:42)\n    at Socket.emit (node:events:524:28)\n    at addChunk (node:internal/streams/readable:561:12)\n    at readableAddChunkPushByteMode (node:internal/streams/readable:512:3)\n    at Readable.push (node:internal/streams/readable:392:5)\n    at TCP.onStreamRead (node:internal/stream_base_commons:191:23)","timestamp":"2026-06-12T10:10:47.122Z"}
{"level":"info","message":"⚡ Recebido SIGINT. Encerrando graciosamente...","timestamp":"2026-06-12T10:10:55.149Z"}
{"level":"info","message":"🚀 Iniciando BetForge API...","timestamp":"2026-06-12T10:12:09.717Z"}
{"level":"info","message":"✅ Banco de dados conectado com sucesso","timestamp":"2026-06-12T10:12:09.751Z"}
{"level":"info","message":"✅ Redis conectado com sucesso","timestamp":"2026-06-12T10:12:09.752Z"}
{"level":"info","message":"[Settlement] scheduler iniciado — intervalo: 300s","timestamp":"2026-06-12T10:12:09.759Z"}
{"level":"info","message":"✅ Servidor rodando em http://localhost:3333","timestamp":"2026-06-12T10:12:09.761Z"}
{"level":"info","message":"📡 API disponível em http://localhost:3333/api/v1","timestamp":"2026-06-12T10:12:09.761Z"}
{"level":"info","message":"🌎 Ambiente: development","timestamp":"2026-06-12T10:12:09.761Z"}
{"code":"42883","file":"parse_oper.c","hint":"No operator matches the given name and argument types. You might need to add explicit type casts.","length":209,"level":"error","line":"647","message":"[Settlement] erro na passagem inicial: select \"id\", \"home_score\", \"away_score\" from \"matches\" where \"id\" in (select \"match_id\" from \"bet_selections\" where \"bet_id\" in (select \"id\" from \"bets\" where \"status\" = $1)) and \"status\" = $2 - operator does not exist: uuid = character varying","name":"error","position":"67","routine":"op_error","severity":"ERROR","stack":"error: select \"id\", \"home_score\", \"away_score\" from \"matches\" where \"id\" in (select \"match_id\" from \"bet_selections\" where \"bet_id\" in (select \"id\" from \"bets\" where \"status\" = $1)) and \"status\" = $2 - operator does not exist: uuid = character varying\n    at parseErrorMessage (/Users/alexandrejunior/github/betforge/betforge-back-fixed/node_modules/pg-protocol/dist/parser.js:305:11)\n    at Parser.handlePacket (/Users/alexandrejunior/github/betforge/betforge-back-fixed/node_modules/pg-protocol/dist/parser.js:143:27)\n    at Parser.parse (/Users/alexandrejunior/github/betforge/betforge-back-fixed/node_modules/pg-protocol/dist/parser.js:37:38)\n    at Socket.<anonymous> (/Users/alexandrejunior/github/betforge/betforge-back-fixed/node_modules/pg-protocol/dist/index.js:11:42)\n    at Socket.emit (node:events:524:28)\n    at addChunk (node:internal/streams/readable:561:12)\n    at readableAddChunkPushByteMode (node:internal/streams/readable:512:3)\n    at Readable.push (node:internal/streams/readable:392:5)\n    at TCP.onStreamRead (node:internal/stream_base_commons:191:23)","timestamp":"2026-06-12T10:12:09.766Z"}
{"level":"info","message":"🚀 Iniciando BetForge API...","timestamp":"2026-06-12T10:14:50.291Z"}
{"level":"info","message":"✅ Banco de dados conectado com sucesso","timestamp":"2026-06-12T10:14:50.346Z"}
{"level":"info","message":"✅ Redis conectado com sucesso","timestamp":"2026-06-12T10:14:50.349Z"}
{"level":"info","message":"[Settlement] scheduler iniciado — intervalo: 300s","timestamp":"2026-06-12T10:14:50.362Z"}
{"level":"info","message":"✅ Servidor rodando em http://localhost:3333","timestamp":"2026-06-12T10:14:50.364Z"}
{"level":"info","message":"📡 API disponível em http://localhost:3333/api/v1","timestamp":"2026-06-12T10:14:50.364Z"}
{"level":"info","message":"🌎 Ambiente: development","timestamp":"2026-06-12T10:14:50.365Z"}
{"level":"debug","message":"[Settlement] nenhuma partida finalizada com apostas pendentes","timestamp":"2026-06-12T10:14:50.372Z"}
{"level":"info","message":"🚀 Iniciando BetForge API...","timestamp":"2026-06-12T10:15:01.858Z"}
{"level":"info","message":"✅ Banco de dados conectado com sucesso","timestamp":"2026-06-12T10:15:01.886Z"}
{"level":"info","message":"✅ Redis conectado com sucesso","timestamp":"2026-06-12T10:15:01.887Z"}
{"level":"info","message":"[Settlement] scheduler iniciado — intervalo: 300s","timestamp":"2026-06-12T10:15:01.893Z"}
{"level":"info","message":"✅ Servidor rodando em http://localhost:3333","timestamp":"2026-06-12T10:15:01.895Z"}
{"level":"info","message":"📡 API disponível em http://localhost:3333/api/v1","timestamp":"2026-06-12T10:15:01.895Z"}
{"level":"info","message":"🌎 Ambiente: development","timestamp":"2026-06-12T10:15:01.895Z"}
{"level":"debug","message":"[Settlement] nenhuma partida finalizada com apostas pendentes","timestamp":"2026-06-12T10:15:01.919Z"}
{"level":"info","message":"🚀 Iniciando BetForge API...","timestamp":"2026-06-12T10:15:10.335Z"}
{"level":"info","message":"✅ Banco de dados conectado com sucesso","timestamp":"2026-06-12T10:15:10.372Z"}
{"level":"info","message":"✅ Redis conectado com sucesso","timestamp":"2026-06-12T10:15:10.373Z"}
{"level":"info","message":"[Settlement] scheduler iniciado — intervalo: 300s","timestamp":"2026-06-12T10:15:10.378Z"}
{"level":"info","message":"✅ Servidor rodando em http://localhost:3333","timestamp":"2026-06-12T10:15:10.380Z"}
{"level":"info","message":"📡 API disponível em http://localhost:3333/api/v1","timestamp":"2026-06-12T10:15:10.380Z"}
{"level":"info","message":"🌎 Ambiente: development","timestamp":"2026-06-12T10:15:10.380Z"}
{"level":"debug","message":"[Settlement] nenhuma partida finalizada com apostas pendentes","timestamp":"2026-06-12T10:15:10.386Z"}
{"level":"info","message":"⚡ Recebido SIGINT. Encerrando graciosamente...","timestamp":"2026-06-12T10:15:25.426Z"}
